<?xml version="1.0" encoding="UTF-8"?>
<testng-results skipped="0" failed="0" ignored="0" total="2" passed="2">
  <reporter-output>
  </reporter-output>
  <suite name="Default suite" duration-ms="58097" started-at="2018-01-27T10:39:00Z" finished-at="2018-01-27T10:39:58Z">
    <groups>
    </groups>
    <test name="Default test" duration-ms="58097" started-at="2018-01-27T10:39:00Z" finished-at="2018-01-27T10:39:58Z">
      <class name="freshpro.NewTest">
        <test-method status="PASS" signature="f(int, java.lang.String)[pri:0, instance:freshpro.NewTest@457e2f02]" name="f" duration-ms="27771" started-at="2018-01-27T10:39:00Z" data-provider="dp" finished-at="2018-01-27T10:39:28Z">
          <params>
            <param index="0">
              <value>
                <![CDATA[1]]>
              </value>
            </param>
            <param index="1">
              <value>
                <![CDATA[Firefox]]>
              </value>
            </param>
          </params>
          <reporter-output>
          </reporter-output>
        </test-method> <!-- f -->
        <test-method status="PASS" signature="f(int, java.lang.String)[pri:0, instance:freshpro.NewTest@457e2f02]" name="f" duration-ms="30227" started-at="2018-01-27T10:39:28Z" data-provider="dp" finished-at="2018-01-27T10:39:58Z">
          <params>
            <param index="0">
              <value>
                <![CDATA[1]]>
              </value>
            </param>
            <param index="1">
              <value>
                <![CDATA[Chorme]]>
              </value>
            </param>
          </params>
          <reporter-output>
          </reporter-output>
        </test-method> <!-- f -->
      </class> <!-- freshpro.NewTest -->
    </test> <!-- Default test -->
  </suite> <!-- Default suite -->
</testng-results>
